<?xml version="1.0" encoding="UTF-8"?>
<!-- Generated by org.testng.reporters.JUnitReportReporter -->
<testsuite skipped="0" hostname="LAPTOP-SLPQU167" name="cucumber.Options.TestRunner" tests="3" failures="0" timestamp="07 Jul 2020 16:24:04 GMT" time="21.769" errors="0">
  <testcase name="runScenario" time="18.961" classname="cucumber.Options.TestRunner"/>
  <testcase name="runScenario" time="1.367" classname="cucumber.Options.TestRunner"/>
  <testcase name="runScenario" time="1.441" classname="cucumber.Options.TestRunner"/>
</testsuite> <!-- cucumber.Options.TestRunner -->
