<?xml version="1.0" encoding="UTF-8"?>
<!-- Generated by org.testng.reporters.JUnitReportReporter -->
<testsuite skipped="0" hostname="LAPTOP-SLPQU167" name="BDD.API_Framework.AppTest" tests="1" failures="0" timestamp="07 Jul 2020 16:24:05 GMT" time="0.091" errors="0">
  <testcase name="testApp" time="0.091" classname="BDD.API_Framework.AppTest"/>
</testsuite> <!-- BDD.API_Framework.AppTest -->
